FILE_TYPE=LIBRARY_PARTS;
PRIMITIVE '9B_16.000MAAJ_B','9B_16.000MAAJ_B_Other';
  PIN
    'X2':
      PIN_NUMBER='(2)';
      NO_LOAD_CHECK=BOTH;
      NO_IO_CHECK=BOTH;
      ALLOW_CONNECT=TRUE;
      PINUSE='UNSPEC';
    '':
      PIN_NUMBER='()';
      NO_LOAD_CHECK=BOTH;
      NO_IO_CHECK=BOTH;
      ALLOW_CONNECT=TRUE;
      PINUSE='UNSPEC';
  END_PIN;
  BODY
    PART_NAME='9B_16.000MAAJ_B';
    PHYS_DES_PREFIX='Y';
    NO_LOAD_CHECK='TRUE';
    PIN_COUNT='2';
    BODY_NAME='9B_16.000MAAJ_B';
    JEDEC_TYPE='9B16000MAAJB';
  END_BODY;
END_PRIMITIVE;
END.
